SF:lib/validation/email_validation.dart
DA:2,1
DA:3,2
DA:6,1
DA:8,1
LF:4
LH:4
end_of_record
SF:lib/validation/password_validation.dart
DA:2,1
DA:3,1
DA:4,1
DA:7,2
LF:4
LH:4
end_of_record
SF:lib/validation/expiration_validation.dart
DA:2,1
DA:3,2
DA:6,1
DA:7,1
DA:8,1
DA:9,1
DA:10,1
DA:12,1
DA:13,2
LF:9
LH:9
end_of_record
SF:lib/validation/name_validation.dart
DA:2,1
DA:3,2
DA:6,2
LF:3
LH:3
end_of_record
SF:lib/validation/number_card_validation.dart
DA:12,1
DA:15,1
DA:18,2
DA:24,1
DA:25,1
DA:28,2
DA:34,1
DA:35,1
DA:39,1
LF:9
LH:9
end_of_record
SF:lib/validation/telephone_validation.dart
DA:2,1
DA:3,1
DA:6,1
DA:7,1
LF:4
LH:4
end_of_record
SF:lib/validation/income_validation.dart
DA:12,1
DA:16,2
LF:2
LH:2
end_of_record
SF:lib/validation/cpf_validation.dart
DA:19,1
DA:23,1
DA:24,1
DA:25,1
DA:26,1
DA:28,2
DA:30,1
DA:31,1
DA:32,2
DA:34,0
DA:39,1
DA:43,1
DA:44,1
DA:45,1
DA:46,1
DA:49,2
DA:51,1
DA:52,1
DA:53,2
DA:55,0
DA:61,1
DA:62,1
DA:65,1
LF:23
LH:21
end_of_record
SF:lib/main.dart
DA:3,0
DA:4,0
DA:8,2
DA:11,1
DA:13,1
DA:15,1
DA:33,1
DA:46,1
DA:47,1
DA:53,1
DA:54,2
DA:60,2
DA:64,1
DA:72,1
DA:73,1
DA:76,3
DA:78,1
DA:81,1
DA:97,1
DA:101,1
DA:102,2
DA:103,3
DA:108,1
DA:109,1
LF:24
LH:22
end_of_record
