SF:lib/validation/password_validation.dart
DA:15,1
DA:18,1
DA:21,2
DA:27,0
DA:31,0
DA:34,0
LF:6
LH:3
end_of_record
SF:lib/validation/expiration_validation.dart
DA:13,0
DA:14,0
DA:15,0
DA:17,0
DA:18,0
DA:19,0
DA:21,0
DA:23,0
LF:8
LH:0
end_of_record
SF:lib/validation/email_validation.dart
DA:24,1
DA:27,2
DA:30,1
DA:32,1
LF:4
LH:4
end_of_record
SF:lib/validation/name_validation.dart
DA:14,1
DA:17,1
DA:20,1
DA:21,1
LF:4
LH:4
end_of_record
SF:lib/validation/telephone_validation.dart
DA:19,1
DA:22,1
DA:25,2
LF:3
LH:3
end_of_record
